[0.354s] Invoking command in '/home/abhay/ros2_ws/build/my_robot_controller': PYTHONPATH=/home/abhay/ros2_ws/build/my_robot_controller/prefix_override:/home/abhay/ros2_ws/install/my_robot_controller/lib/python3.10/site-packages:${PYTHONPATH} /usr/bin/python3 -W ignore:setup.py install is deprecated setup.py develop --editable --build-directory /home/abhay/ros2_ws/build/my_robot_controller/build --no-deps symlink_data
[0.496s] running develop
[0.573s] running egg_info
[0.573s] writing my_robot_controller.egg-info/PKG-INFO
[0.573s] writing dependency_links to my_robot_controller.egg-info/dependency_links.txt
[0.574s] writing entry points to my_robot_controller.egg-info/entry_points.txt
[0.574s] writing requirements to my_robot_controller.egg-info/requires.txt
[0.574s] writing top-level names to my_robot_controller.egg-info/top_level.txt
[0.575s] reading manifest file 'my_robot_controller.egg-info/SOURCES.txt'
[0.576s] writing manifest file 'my_robot_controller.egg-info/SOURCES.txt'
[0.577s] running build_ext
[0.577s] Creating /home/abhay/ros2_ws/install/my_robot_controller/lib/python3.10/site-packages/my-robot-controller.egg-link (link to .)
[0.578s] Installing Circle script to /home/abhay/ros2_ws/install/my_robot_controller/lib/my_robot_controller
[0.578s] Installing LEDControl script to /home/abhay/ros2_ws/install/my_robot_controller/lib/my_robot_controller
[0.578s] Installing LEDstatus script to /home/abhay/ros2_ws/install/my_robot_controller/lib/my_robot_controller
[0.578s] Installing Position script to /home/abhay/ros2_ws/install/my_robot_controller/lib/my_robot_controller
[0.578s] Installing test_node script to /home/abhay/ros2_ws/install/my_robot_controller/lib/my_robot_controller
[0.578s] 
[0.578s] Installed /home/abhay/ros2_ws/build/my_robot_controller
[0.578s] running symlink_data
[0.597s] Invoked command in '/home/abhay/ros2_ws/build/my_robot_controller' returned '0': PYTHONPATH=/home/abhay/ros2_ws/build/my_robot_controller/prefix_override:/home/abhay/ros2_ws/install/my_robot_controller/lib/python3.10/site-packages:${PYTHONPATH} /usr/bin/python3 -W ignore:setup.py install is deprecated setup.py develop --editable --build-directory /home/abhay/ros2_ws/build/my_robot_controller/build --no-deps symlink_data
