[0.339s] Invoking command in '/home/abhay/ros2_ws/src/my_robot_controller': PYTHONPATH=/home/abhay/ros2_ws/build/my_robot_controller/prefix_override:/home/abhay/ros2_ws/install/my_robot_controller/lib/python3.10/site-packages:${PYTHONPATH} /usr/bin/python3 -W ignore:setup.py install is deprecated setup.py egg_info --egg-base ../../build/my_robot_controller build --build-base /home/abhay/ros2_ws/build/my_robot_controller/build install --record /home/abhay/ros2_ws/build/my_robot_controller/install.log --single-version-externally-managed install_data
[0.460s] running egg_info
[0.460s] creating ../../build/my_robot_controller/my_robot_controller.egg-info
[0.460s] writing ../../build/my_robot_controller/my_robot_controller.egg-info/PKG-INFO
[0.461s] writing dependency_links to ../../build/my_robot_controller/my_robot_controller.egg-info/dependency_links.txt
[0.461s] writing entry points to ../../build/my_robot_controller/my_robot_controller.egg-info/entry_points.txt
[0.461s] writing requirements to ../../build/my_robot_controller/my_robot_controller.egg-info/requires.txt
[0.461s] writing top-level names to ../../build/my_robot_controller/my_robot_controller.egg-info/top_level.txt
[0.461s] writing manifest file '../../build/my_robot_controller/my_robot_controller.egg-info/SOURCES.txt'
[0.462s] reading manifest file '../../build/my_robot_controller/my_robot_controller.egg-info/SOURCES.txt'
[0.462s] writing manifest file '../../build/my_robot_controller/my_robot_controller.egg-info/SOURCES.txt'
[0.462s] running build
[0.462s] running build_py
[0.462s] creating /home/abhay/ros2_ws/build/my_robot_controller/build
[0.462s] creating /home/abhay/ros2_ws/build/my_robot_controller/build/lib
[0.463s] creating /home/abhay/ros2_ws/build/my_robot_controller/build/lib/my_robot_controller
[0.463s] copying my_robot_controller/my_first_node.py -> /home/abhay/ros2_ws/build/my_robot_controller/build/lib/my_robot_controller
[0.463s] copying my_robot_controller/__init__.py -> /home/abhay/ros2_ws/build/my_robot_controller/build/lib/my_robot_controller
[0.463s] running install
[0.463s] running install_lib
[0.463s] creating /home/abhay/ros2_ws/install/my_robot_controller/lib/python3.10/site-packages/my_robot_controller
[0.463s] copying /home/abhay/ros2_ws/build/my_robot_controller/build/lib/my_robot_controller/my_first_node.py -> /home/abhay/ros2_ws/install/my_robot_controller/lib/python3.10/site-packages/my_robot_controller
[0.463s] copying /home/abhay/ros2_ws/build/my_robot_controller/build/lib/my_robot_controller/__init__.py -> /home/abhay/ros2_ws/install/my_robot_controller/lib/python3.10/site-packages/my_robot_controller
[0.463s] byte-compiling /home/abhay/ros2_ws/install/my_robot_controller/lib/python3.10/site-packages/my_robot_controller/my_first_node.py to my_first_node.cpython-310.pyc
[0.463s] byte-compiling /home/abhay/ros2_ws/install/my_robot_controller/lib/python3.10/site-packages/my_robot_controller/__init__.py to __init__.cpython-310.pyc
[0.463s] running install_data
[0.463s] creating /home/abhay/ros2_ws/install/my_robot_controller/share/ament_index
[0.463s] creating /home/abhay/ros2_ws/install/my_robot_controller/share/ament_index/resource_index
[0.464s] creating /home/abhay/ros2_ws/install/my_robot_controller/share/ament_index/resource_index/packages
[0.464s] copying resource/my_robot_controller -> /home/abhay/ros2_ws/install/my_robot_controller/share/ament_index/resource_index/packages
[0.464s] copying package.xml -> /home/abhay/ros2_ws/install/my_robot_controller/share/my_robot_controller
[0.464s] running install_egg_info
[0.465s] Copying ../../build/my_robot_controller/my_robot_controller.egg-info to /home/abhay/ros2_ws/install/my_robot_controller/lib/python3.10/site-packages/my_robot_controller-0.0.0-py3.10.egg-info
[0.465s] running install_scripts
[0.479s] Installing test_node script to /home/abhay/ros2_ws/install/my_robot_controller/lib/my_robot_controller
[0.479s] writing list of installed files to '/home/abhay/ros2_ws/build/my_robot_controller/install.log'
[0.495s] Invoked command in '/home/abhay/ros2_ws/src/my_robot_controller' returned '0': PYTHONPATH=/home/abhay/ros2_ws/build/my_robot_controller/prefix_override:/home/abhay/ros2_ws/install/my_robot_controller/lib/python3.10/site-packages:${PYTHONPATH} /usr/bin/python3 -W ignore:setup.py install is deprecated setup.py egg_info --egg-base ../../build/my_robot_controller build --build-base /home/abhay/ros2_ws/build/my_robot_controller/build install --record /home/abhay/ros2_ws/build/my_robot_controller/install.log --single-version-externally-managed install_data
