[0.332s] Invoking command in '/home/abhay/ros2_ws/build/my_robot_controller': PYTHONPATH=/home/abhay/ros2_ws/build/my_robot_controller/prefix_override:/home/abhay/ros2_ws/install/my_robot_controller/lib/python3.10/site-packages:${PYTHONPATH} /usr/bin/python3 -W ignore:setup.py install is deprecated setup.py develop --editable --build-directory /home/abhay/ros2_ws/build/my_robot_controller/build --no-deps symlink_data
[0.476s] running develop
[0.546s] running egg_info
[0.546s] writing my_robot_controller.egg-info/PKG-INFO
[0.546s] writing dependency_links to my_robot_controller.egg-info/dependency_links.txt
[0.546s] writing entry points to my_robot_controller.egg-info/entry_points.txt
[0.546s] writing requirements to my_robot_controller.egg-info/requires.txt
[0.546s] writing top-level names to my_robot_controller.egg-info/top_level.txt
[0.548s] reading manifest file 'my_robot_controller.egg-info/SOURCES.txt'
[0.548s] writing manifest file 'my_robot_controller.egg-info/SOURCES.txt'
[0.549s] running build_ext
[0.549s] Creating /home/abhay/ros2_ws/install/my_robot_controller/lib/python3.10/site-packages/my-robot-controller.egg-link (link to .)
[0.549s] Installing Circle script to /home/abhay/ros2_ws/install/my_robot_controller/lib/my_robot_controller
[0.549s] Installing LEDControl script to /home/abhay/ros2_ws/install/my_robot_controller/lib/my_robot_controller
[0.550s] Installing LEDstatus script to /home/abhay/ros2_ws/install/my_robot_controller/lib/my_robot_controller
[0.550s] Installing Position script to /home/abhay/ros2_ws/install/my_robot_controller/lib/my_robot_controller
[0.550s] Installing test_node script to /home/abhay/ros2_ws/install/my_robot_controller/lib/my_robot_controller
[0.550s] Installing turcon script to /home/abhay/ros2_ws/install/my_robot_controller/lib/my_robot_controller
[0.550s] 
[0.550s] Installed /home/abhay/ros2_ws/build/my_robot_controller
[0.550s] running symlink_data
[0.568s] Invoked command in '/home/abhay/ros2_ws/build/my_robot_controller' returned '0': PYTHONPATH=/home/abhay/ros2_ws/build/my_robot_controller/prefix_override:/home/abhay/ros2_ws/install/my_robot_controller/lib/python3.10/site-packages:${PYTHONPATH} /usr/bin/python3 -W ignore:setup.py install is deprecated setup.py develop --editable --build-directory /home/abhay/ros2_ws/build/my_robot_controller/build --no-deps symlink_data
